<?xml version="1.0" encoding="UTF-8"?>
<testsuite xmlns:xsi="http://www.w3.org/2001/XMLSchema-instance" xsi:noNamespaceSchemaLocation="https://maven.apache.org/surefire/maven-surefire-plugin/xsd/surefire-test-report-3.0.xsd" version="3.0" name="com.firefly.core.notifications.provider.resend.core.v1.ResendEmailProviderTest" time="0.94" tests="3" errors="0" skipped="0" failures="2">
  <properties>
[...]
</properties>
  <testcase name="sendEmail_success" classname="com.firefly.core.notifications.provider.resend.core.v1.ResendEmailProviderTest" time="0.566">
    <system-out><![CDATA[17:19:45.183 [main] INFO com.firefly.common.client.builder.RestClientBuilder -- Building REST service client for service 'resend' with base URL 'http://localhost:57765'
17:19:45.317 [main] INFO com.firefly.common.client.impl.RestServiceClientImpl -- Initialized REST service client for 'resend' with enhanced circuit breaker and base URL 'http://localhost:57765'
17:19:45.734 [boundedElastic-1] WARN com.firefly.common.client.impl.RestServiceClientImpl -- No circuit breaker configured for service 'resend'
17:19:45.777 [boundedElastic-1] ERROR io.netty.resolver.dns.DnsServerAddressStreamProviders -- Unable to load io.netty.resolver.dns.macos.MacOSDnsServerAddressStreamProvider, fallback to system defaults. This may result in incorrect DNS resolutions on MacOS. Check whether you have a dependency on 'io.netty:netty-resolver-dns-native-macos'. Use DEBUG level to see the full stack: java.lang.UnsatisfiedLinkError: failed to load the required native library
]]></system-out>
    <system-err><![CDATA[WARNING: A Java agent has been loaded dynamically (/Users/ancongui/.m2/repository/net/bytebuddy/byte-buddy-agent/1.14.11/byte-buddy-agent-1.14.11.jar)
WARNING: If a serviceability tool is in use, please run with -XX:+EnableDynamicAgentLoading to hide this warning
WARNING: If a serviceability tool is not in use, please run with -Djdk.instrument.traceUsage for more information
WARNING: Dynamic loading of agents will be disallowed by default in a future release
]]></system-err>
  </testcase>
  <testcase name="sendEmail_withAttachments" classname="com.firefly.core.notifications.provider.resend.core.v1.ResendEmailProviderTest" time="0.014">
    <failure message="&#10;Expecting actual:&#10;  {&quot;from&quot;=&quot;noreply@example.com&quot;, &quot;html&quot;=&quot;&lt;b&gt;World&lt;/b&gt;&quot;, &quot;subject&quot;=&quot;Hello&quot;, &quot;to&quot;=&quot;user@example.com&quot;}&#10;to contain key:&#10;  &quot;attachments&quot;" type="java.lang.AssertionError"><![CDATA[java.lang.AssertionError: 

Expecting actual:
  {"from"="noreply@example.com", "html"="<b>World</b>", "subject"="Hello", "to"="user@example.com"}
to contain key:
  "attachments"
	at com.firefly.core.notifications.provider.resend.core.v1.ResendEmailProviderTest.sendEmail_withAttachments(ResendEmailProviderTest.java:128)
	at java.base/java.lang.reflect.Method.invoke(Method.java:580)
	at java.base/java.util.ArrayList.forEach(ArrayList.java:1596)
	at java.base/java.util.ArrayList.forEach(ArrayList.java:1596)
]]></failure>
    <system-out><![CDATA[17:19:45.892 [boundedElastic-1] WARN com.firefly.common.client.impl.RestServiceClientImpl -- No circuit breaker configured for service 'resend'
]]></system-out>
  </testcase>
  <testcase name="sendEmail_withCcAndBcc" classname="com.firefly.core.notifications.provider.resend.core.v1.ResendEmailProviderTest" time="0.006">
    <failure message="&#10;Expecting actual:&#10;  {&quot;attachments&quot;=[{&quot;content&quot;=&quot;ZmFrZS1wZGYtY29udGVudA==&quot;, &quot;content_type&quot;=&quot;application/pdf&quot;, &quot;filename&quot;=&quot;invoice.pdf&quot;},&#10;    {&quot;content&quot;=&quot;ZmFrZS1pbWFnZS1jb250ZW50&quot;, &quot;content_type&quot;=&quot;image/png&quot;, &quot;filename&quot;=&quot;logo.png&quot;}], &quot;from&quot;=&quot;noreply@example.com&quot;, &quot;html&quot;=&quot;&lt;p&gt;Please find your invoice attached.&lt;/p&gt;&quot;, &quot;subject&quot;=&quot;Invoice with attachments&quot;, &quot;text&quot;=&quot;Please find your invoice attached.&quot;, &quot;to&quot;=&quot;customer@example.com&quot;}&#10;to contain key:&#10;  &quot;cc&quot;" type="java.lang.AssertionError"><![CDATA[java.lang.AssertionError: 

Expecting actual:
  {"attachments"=[{"content"="ZmFrZS1wZGYtY29udGVudA==", "content_type"="application/pdf", "filename"="invoice.pdf"},
    {"content"="ZmFrZS1pbWFnZS1jb250ZW50", "content_type"="image/png", "filename"="logo.png"}], "from"="noreply@example.com", "html"="<p>Please find your invoice attached.</p>", "subject"="Invoice with attachments", "text"="Please find your invoice attached.", "to"="customer@example.com"}
to contain key:
  "cc"
	at com.firefly.core.notifications.provider.resend.core.v1.ResendEmailProviderTest.sendEmail_withCcAndBcc(ResendEmailProviderTest.java:169)
	at java.base/java.lang.reflect.Method.invoke(Method.java:580)
	at java.base/java.util.ArrayList.forEach(ArrayList.java:1596)
	at java.base/java.util.ArrayList.forEach(ArrayList.java:1596)
]]></failure>
    <system-out><![CDATA[17:19:45.907 [boundedElastic-1] WARN com.firefly.common.client.impl.RestServiceClientImpl -- No circuit breaker configured for service 'resend'
]]></system-out>
  </testcase>
</testsuite>